d:\database\vscode\weakscript\weakscript\release\vc140.pdb
d:\database\vscode\weakscript\weakscript\release\system.nativecodeanalysis.xml
d:\database\vscode\weakscript\weakscript\release\parser.nativecodeanalysis.xml
d:\database\vscode\weakscript\weakscript\release\main.nativecodeanalysis.xml
d:\database\vscode\weakscript\weakscript\release\lex.nativecodeanalysis.xml
d:\database\vscode\weakscript\weakscript\release\eval.nativecodeanalysis.xml
d:\database\vscode\weakscript\weakscript\release\eval.obj
d:\database\vscode\weakscript\weakscript\release\lex.obj
d:\database\vscode\weakscript\weakscript\release\main.obj
d:\database\vscode\weakscript\weakscript\release\parser.obj
d:\database\vscode\weakscript\weakscript\release\system.obj
d:\database\vscode\weakscript\release\weakscript.exe
d:\database\vscode\weakscript\release\weakscript.ipdb
d:\database\vscode\weakscript\release\weakscript.iobj
d:\database\vscode\weakscript\release\weakscript.pdb
d:\database\vscode\weakscript\weakscript\release\nativecodeanalysis.read.1.tlog
d:\database\vscode\weakscript\weakscript\release\vc.nativecodeanalysis.all.xml
d:\database\vscode\weakscript\release\weakscript.exe.lastcodeanalysissucceeded
d:\database\vscode\weakscript\weakscript\release\weakscript.tlog\cl.command.1.tlog
d:\database\vscode\weakscript\weakscript\release\weakscript.tlog\cl.read.1.tlog
d:\database\vscode\weakscript\weakscript\release\weakscript.tlog\cl.write.1.tlog
d:\database\vscode\weakscript\weakscript\release\weakscript.tlog\link.command.1.tlog
d:\database\vscode\weakscript\weakscript\release\weakscript.tlog\link.read.1.tlog
d:\database\vscode\weakscript\weakscript\release\weakscript.tlog\link.write.1.tlog
